<?xml version="1.0" encoding="UTF-8"?>
<testsuite xmlns:xsi="http://www.w3.org/2001/XMLSchema-instance" xsi:noNamespaceSchemaLocation="https://maven.apache.org/surefire/maven-surefire-plugin/xsd/surefire-test-report.xsd" version="3.0.2" name="com.wgu.capstone.worktracker.WorkTrackerD424ApplicationTests" time="3.17" tests="1" errors="0" skipped="0" failures="0">
  <properties>
[...]
</properties>
  <testcase name="contextLoads" classname="com.wgu.capstone.worktracker.WorkTrackerD424ApplicationTests" time="0.291">
    <system-out><![CDATA[13:39:48.897 [main] INFO org.springframework.test.context.support.AnnotationConfigContextLoaderUtils -- Could not detect default configuration classes for test class [com.wgu.capstone.worktracker.WorkTrackerD424ApplicationTests]: WorkTrackerD424ApplicationTests does not declare any static, non-private, non-final, nested classes annotated with @Configuration.
13:39:48.955 [main] INFO org.springframework.boot.test.context.SpringBootTestContextBootstrapper -- Found @SpringBootConfiguration com.wgu.capstone.worktracker.WorkTrackerD424Application for test class com.wgu.capstone.worktracker.WorkTrackerD424ApplicationTests

  .   ____          _            __ _ _
 /\\ / ___'_ __ _ _(_)_ __  __ _ \ \ \ \
( ( )\___ | '_ | '_| | '_ \/ _` | \ \ \ \
 \\/  ___)| |_)| | | | | || (_| |  ) ) ) )
  '  |____| .__|_| |_|_| |_\__, | / / / /
 =========|_|==============|___/=/_/_/_/

 :: Spring Boot ::                (v4.0.1)

2026-02-11T13:39:49.151-08:00  INFO 65259 --- [WorkTrackerD424] [           main] c.w.c.w.WorkTrackerD424ApplicationTests  : Starting WorkTrackerD424ApplicationTests using Java 24.0.2 with PID 65259 (started by khanhnguyen in /Users/khanhnguyen/Desktop/D424-WorkTracker/BackEnd/WorkTrackerD424)
2026-02-11T13:39:49.152-08:00  INFO 65259 --- [WorkTrackerD424] [           main] c.w.c.w.WorkTrackerD424ApplicationTests  : No active profile set, falling back to 1 default profile: "default"
2026-02-11T13:39:49.516-08:00  INFO 65259 --- [WorkTrackerD424] [           main] .s.d.r.c.RepositoryConfigurationDelegate : Bootstrapping Spring Data JPA repositories in DEFAULT mode.
2026-02-11T13:39:49.550-08:00  INFO 65259 --- [WorkTrackerD424] [           main] .s.d.r.c.RepositoryConfigurationDelegate : Finished Spring Data repository scanning in 28 ms. Found 5 JPA repository interfaces.
2026-02-11T13:39:49.788-08:00  INFO 65259 --- [WorkTrackerD424] [           main] org.hibernate.orm.jpa                    : HHH008540: Processing PersistenceUnitInfo [name: default]
2026-02-11T13:39:49.825-08:00  INFO 65259 --- [WorkTrackerD424] [           main] org.hibernate.orm.core                   : HHH000001: Hibernate ORM core version 7.2.0.Final
2026-02-11T13:39:50.047-08:00  INFO 65259 --- [WorkTrackerD424] [           main] o.s.o.j.p.SpringPersistenceUnitInfo      : No LoadTimeWeaver setup: ignoring JPA class transformer
2026-02-11T13:39:50.065-08:00  INFO 65259 --- [WorkTrackerD424] [           main] com.zaxxer.hikari.HikariDataSource       : HikariPool-1 - Starting...
2026-02-11T13:39:50.137-08:00  INFO 65259 --- [WorkTrackerD424] [           main] com.zaxxer.hikari.pool.HikariPool        : HikariPool-1 - Added connection org.postgresql.jdbc.PgConnection@3093b9ff
2026-02-11T13:39:50.138-08:00  INFO 65259 --- [WorkTrackerD424] [           main] com.zaxxer.hikari.HikariDataSource       : HikariPool-1 - Start completed.
2026-02-11T13:39:50.193-08:00  INFO 65259 --- [WorkTrackerD424] [           main] org.hibernate.orm.connections.pooling    : HHH10001005: Database info:
	Database JDBC URL [jdbc:postgresql://localhost:5432/worktracker]
	Database driver: PostgreSQL JDBC Driver
	Database dialect: PostgreSQLDialect
	Database version: 16.11
	Default catalog/schema: worktracker/public
	Autocommit mode: undefined/unknown
	Isolation level: READ_COMMITTED [default READ_COMMITTED]
	JDBC fetch size: none
	Pool: DataSourceConnectionProvider
	Minimum pool size: undefined/unknown
	Maximum pool size: undefined/unknown
2026-02-11T13:39:50.709-08:00  INFO 65259 --- [WorkTrackerD424] [           main] org.hibernate.orm.core                   : HHH000489: No JTA platform available (set 'hibernate.transaction.jta.platform' to enable JTA platform integration)
2026-02-11T13:39:50.798-08:00  INFO 65259 --- [WorkTrackerD424] [           main] j.LocalContainerEntityManagerFactoryBean : Initialized JPA EntityManagerFactory for persistence unit 'default'
2026-02-11T13:39:50.844-08:00  INFO 65259 --- [WorkTrackerD424] [           main] o.s.d.j.r.query.QueryEnhancerFactories   : Hibernate is in classpath; If applicable, HQL parser will be used.
2026-02-11T13:39:51.004-08:00  WARN 65259 --- [WorkTrackerD424] [           main] JpaBaseConfiguration$JpaWebConfiguration : spring.jpa.open-in-view is enabled by default. Therefore, database queries may be performed during view rendering. Explicitly configure spring.jpa.open-in-view to disable this warning
2026-02-11T13:39:51.170-08:00  INFO 65259 --- [WorkTrackerD424] [           main] r$InitializeUserDetailsManagerConfigurer : Global AuthenticationManager configured with UserDetailsService bean with name userDetailsService
2026-02-11T13:39:51.437-08:00  INFO 65259 --- [WorkTrackerD424] [           main] c.w.c.w.WorkTrackerD424ApplicationTests  : Started WorkTrackerD424ApplicationTests in 2.401 seconds (process running for 2.981)
Hibernate: 
    select
        count(*) 
    from
        wing_sections ws1_0
Hibernate: 
    select
        count(*) 
    from
        users u1_0
]]></system-out>
    <system-err><![CDATA[Mockito is currently self-attaching to enable the inline-mock-maker. This will no longer work in future releases of the JDK. Please add Mockito as an agent to your build as described in Mockito's documentation: https://javadoc.io/doc/org.mockito/mockito-core/latest/org.mockito/org/mockito/Mockito.html#0.3
WARNING: A Java agent has been loaded dynamically (/Users/khanhnguyen/.m2/repository/net/bytebuddy/byte-buddy-agent/1.17.8/byte-buddy-agent-1.17.8.jar)
WARNING: If a serviceability tool is in use, please run with -XX:+EnableDynamicAgentLoading to hide this warning
WARNING: If a serviceability tool is not in use, please run with -Djdk.instrument.traceUsage for more information
WARNING: Dynamic loading of agents will be disallowed by default in a future release
]]></system-err>
  </testcase>
</testsuite>